#
# There is insufficient memory for the Java Runtime Environment to continue.
# Native memory allocation (mmap) failed to map 268435456 bytes for G1 virtual space
# Possible reasons:
#   The system is out of physical RAM or swap space
#   The process is running with CompressedOops enabled, and the Java Heap may be blocking the growth of the native heap
# Possible solutions:
#   Reduce memory load on the system
#   Increase physical memory or swap space
#   Check if swap backing store is full
#   Decrease Java heap size (-Xmx/-Xms)
#   Decrease number of Java threads
#   Decrease Java thread stack sizes (-Xss)
#   Set larger code cache with -XX:ReservedCodeCacheSize=
#   JVM is running with Zero Based Compressed Oops mode in which the Java heap is
#     placed in the first 32GB address space. The Java Heap base address is the
#     maximum limit for the native heap growth. Please use -XX:HeapBaseMinAddress
#     to set the Java Heap base and to place the Java Heap above 32GB virtual address.
# This output file may be truncated or incomplete.
#
#  Out of Memory Error (os_windows.cpp:3469), pid=22384, tid=20080
#
# JRE version:  (17.0.1+12) (build )
# Java VM: Java HotSpot(TM) 64-Bit Server VM (17.0.1+12-LTS-39, mixed mode, emulated-client, sharing, tiered, compressed oops, compressed class ptrs, g1 gc, windows-amd64)
# No core dump will be written. Minidumps are not enabled by default on client versions of Windows
#

---------------  S U M M A R Y ------------

Command Line: -XX:TieredStopAtLevel=1 -Dspring.output.ansi.enabled=always -Dcom.sun.management.jmxremote -Dspring.jmx.enabled=true -Dspring.liveBeansView.mbeanDomain -Dspring.application.admin.enabled=true -Dmanagement.endpoints.jmx.exposure.include=* -javaagent:C:\Program Files\JetBrains\IntelliJ IDEA 2024.3.4.1\lib\idea_rt.jar=50835 -Dfile.encoding=UTF-8 com.FirstSpringBoot.project.ProjectApplication

Host: Intel(R) Core(TM) i5-8265U CPU @ 1.60GHz, 8 cores, 15G,  Windows 10 , 64 bit Build 22621 (10.0.22621.5124)
Time: Mon May  5 16:18:20 2025 Morocco Daylight Time elapsed time: 0.032135 seconds (0d 0h 0m 0s)

---------------  T H R E A D  ---------------

Current thread (0x000002b1a47b44e0):  JavaThread "Unknown thread" [_thread_in_vm, id=20080, stack(0x000000c1c0500000,0x000000c1c0600000)]

Stack: [0x000000c1c0500000,0x000000c1c0600000]
Native frames: (J=compiled Java code, j=interpreted, Vv=VM code, C=native code)
V  [jvm.dll+0x66fa1a]
V  [jvm.dll+0x7ce5a4]
V  [jvm.dll+0x7cfd4e]
V  [jvm.dll+0x7d03b3]
V  [jvm.dll+0x242b05]
V  [jvm.dll+0x66ca39]
V  [jvm.dll+0x661502]
V  [jvm.dll+0x30081b]
V  [jvm.dll+0x307da6]
V  [jvm.dll+0x357a1e]
V  [jvm.dll+0x357c4f]
V  [jvm.dll+0x2d7ad8]
V  [jvm.dll+0x2d8a44]
V  [jvm.dll+0x7a01e1]
V  [jvm.dll+0x365791]
V  [jvm.dll+0x77f6cc]
V  [jvm.dll+0x3e812f]
V  [jvm.dll+0x3e9bd1]
C  [jli.dll+0x527b]
C  [ucrtbase.dll+0x29333]
C  [KERNEL32.DLL+0x1259d]
C  [ntdll.dll+0x5af38]


---------------  P R O C E S S  ---------------

Threads class SMR info:
_java_thread_list=0x00007ffb76567818, length=0, elements={
}

Java Threads: ( => current thread )

Other Threads:
  0x000002b1a4805780 GCTaskThread "GC Thread#0" [stack: 0x000000c1c0600000,0x000000c1c0700000] [id=18292]
  0x000002b1a48164d0 ConcurrentGCThread "G1 Main Marker" [stack: 0x000000c1c0700000,0x000000c1c0800000] [id=9380]
  0x000002b1a4816ee0 ConcurrentGCThread "G1 Conc#0" [stack: 0x000000c1c0800000,0x000000c1c0900000] [id=21816]

[error occurred during error reporting (printing all threads), id 0xc0000005, EXCEPTION_ACCESS_VIOLATION (0xc0000005) at pc=0x00007ffb75db84b7]

VM state: not at safepoint (not fully initialized)

VM Mutex/Monitor currently owned by a thread:  ([mutex/lock_event])
[0x000002b1a47b1dd0] Heap_lock - owner thread: 0x000002b1a47b44e0

Heap address: 0x0000000701e00000, size: 4066 MB, Compressed Oops mode: Zero based, Oop shift amount: 3

CDS archive(s) mapped at: [0x0000000000000000-0x0000000000000000-0x0000000000000000), size 0, SharedBaseAddress: 0x0000000800000000, ArchiveRelocationMode: 0.
Narrow klass base: 0x0000000000000000, Narrow klass shift: 0, Narrow klass range: 0x0

GC Precious Log:
<Empty>

Heap:
 garbage-first heap   total 0K, used 0K [0x0000000701e00000, 0x0000000800000000)
  region size 2048K, 0 young (0K), 0 survivors (0K)

[error occurred during error reporting (printing heap information), id 0xc0000005, EXCEPTION_ACCESS_VIOLATION (0xc0000005) at pc=0x00007ffb76198d89]

GC Heap History (0 events):
No events

Deoptimization events (0 events):
No events

Classes unloaded (0 events):
No events

Classes redefined (0 events):
No events

Internal exceptions (0 events):
No events

VM Operations (0 events):
No events

Events (1 events):
Event: 0.023 Loaded shared library C:\Program Files\Java\jdk-17.0.1\bin\java.dll


Dynamic libraries:
0x00007ff7e7d10000 - 0x00007ff7e7d20000 	C:\Program Files\Java\jdk-17.0.1\bin\java.exe
0x00007ffbd4650000 - 0x00007ffbd4867000 	C:\WINDOWS\SYSTEM32\ntdll.dll
0x00007ffbd36d0000 - 0x00007ffbd3794000 	C:\WINDOWS\System32\KERNEL32.DLL
0x00007ffbd19f0000 - 0x00007ffbd1dc3000 	C:\WINDOWS\System32\KERNELBASE.dll
0x00007ffbd1e90000 - 0x00007ffbd1fa1000 	C:\WINDOWS\System32\ucrtbase.dll
0x00007ffbb7730000 - 0x00007ffbb774a000 	C:\Program Files\Java\jdk-17.0.1\bin\VCRUNTIME140.dll
0x00007ffbb75b0000 - 0x00007ffbb75c8000 	C:\Program Files\Java\jdk-17.0.1\bin\jli.dll
0x00007ffbd4180000 - 0x00007ffbd4231000 	C:\WINDOWS\System32\ADVAPI32.dll
0x00007ffbd43a0000 - 0x00007ffbd4447000 	C:\WINDOWS\System32\msvcrt.dll
0x00007ffbd40d0000 - 0x00007ffbd4178000 	C:\WINDOWS\System32\sechost.dll
0x00007ffbd1880000 - 0x00007ffbd18a8000 	C:\WINDOWS\System32\bcrypt.dll
0x00007ffbd44f0000 - 0x00007ffbd4604000 	C:\WINDOWS\System32\RPCRT4.dll
0x00007ffbd3500000 - 0x00007ffbd36b1000 	C:\WINDOWS\System32\USER32.dll
0x00007ffbb3270000 - 0x00007ffbb3508000 	C:\WINDOWS\WinSxS\amd64_microsoft.windows.common-controls_6595b64144ccf1df_6.0.22621.5124_none_270e8f4f7386d69d\COMCTL32.dll
0x00007ffbd2050000 - 0x00007ffbd2076000 	C:\WINDOWS\System32\win32u.dll
0x00007ffbd40a0000 - 0x00007ffbd40c9000 	C:\WINDOWS\System32\GDI32.dll
0x00007ffbd1760000 - 0x00007ffbd187b000 	C:\WINDOWS\System32\gdi32full.dll
0x00007ffbd1fb0000 - 0x00007ffbd204a000 	C:\WINDOWS\System32\msvcp_win.dll
0x00007ffbc8f80000 - 0x00007ffbc8f8a000 	C:\WINDOWS\SYSTEM32\VERSION.dll
0x00007ffbd3040000 - 0x00007ffbd3071000 	C:\WINDOWS\System32\IMM32.DLL
0x00007ffbcdfb0000 - 0x00007ffbcdfbc000 	C:\Program Files\Java\jdk-17.0.1\bin\vcruntime140_1.dll
0x00007ffbb7520000 - 0x00007ffbb75ad000 	C:\Program Files\Java\jdk-17.0.1\bin\msvcp140.dll
0x00007ffb75ad0000 - 0x00007ffb7668e000 	C:\Program Files\Java\jdk-17.0.1\bin\server\jvm.dll
0x00007ffbd4450000 - 0x00007ffbd4458000 	C:\WINDOWS\System32\PSAPI.DLL
0x00007ffbb7510000 - 0x00007ffbb7519000 	C:\WINDOWS\SYSTEM32\WSOCK32.dll
0x00007ffbd3890000 - 0x00007ffbd3901000 	C:\WINDOWS\System32\WS2_32.dll
0x00007ffbcd1d0000 - 0x00007ffbcd204000 	C:\WINDOWS\SYSTEM32\WINMM.dll
0x00007ffbd07c0000 - 0x00007ffbd07d8000 	C:\WINDOWS\SYSTEM32\kernel.appcore.dll
0x00007ffbb7500000 - 0x00007ffbb750a000 	C:\Program Files\Java\jdk-17.0.1\bin\jimage.dll
0x00007ffbcf090000 - 0x00007ffbcf2c2000 	C:\WINDOWS\SYSTEM32\DBGHELP.DLL
0x00007ffbd3d00000 - 0x00007ffbd4092000 	C:\WINDOWS\System32\combase.dll
0x00007ffbd2360000 - 0x00007ffbd2437000 	C:\WINDOWS\System32\OLEAUT32.dll
0x00007ffbbda50000 - 0x00007ffbbda82000 	C:\WINDOWS\SYSTEM32\dbgcore.DLL
0x00007ffbd2080000 - 0x00007ffbd20fb000 	C:\WINDOWS\System32\bcryptPrimitives.dll
0x00007ffbb74f0000 - 0x00007ffbb74fe000 	C:\Program Files\Java\jdk-17.0.1\bin\instrument.dll
0x00007ffbb74c0000 - 0x00007ffbb74e5000 	C:\Program Files\Java\jdk-17.0.1\bin\java.dll

dbghelp: loaded successfully - version: 4.0.5 - missing functions: none
symbol engine: initialized successfully - sym options: 0x614 - pdb path: .;C:\Program Files\Java\jdk-17.0.1\bin;C:\WINDOWS\SYSTEM32;C:\WINDOWS\WinSxS\amd64_microsoft.windows.common-controls_6595b64144ccf1df_6.0.22621.5124_none_270e8f4f7386d69d;C:\Program Files\Java\jdk-17.0.1\bin\server

VM Arguments:
jvm_args: -XX:TieredStopAtLevel=1 -Dspring.output.ansi.enabled=always -Dcom.sun.management.jmxremote -Dspring.jmx.enabled=true -Dspring.liveBeansView.mbeanDomain -Dspring.application.admin.enabled=true -Dmanagement.endpoints.jmx.exposure.include=* -javaagent:C:\Program Files\JetBrains\IntelliJ IDEA 2024.3.4.1\lib\idea_rt.jar=50835 -Dfile.encoding=UTF-8 
java_command: com.FirstSpringBoot.project.ProjectApplication
java_class_path (initial): C:\Users\ce pc\Documents\SDR_Project\Back_end\build\classes\java\main;C:\Users\ce pc\Documents\SDR_Project\Back_end\build\resources\main;C:\Users\ce pc\.gradle\caches\modules-2\files-2.1\org.springframework.boot\spring-boot-starter-web\3.4.4\441c0c71f38783c1d34b8bac5f06f1fa6b103274\spring-boot-starter-web-3.4.4.jar;C:\Users\ce pc\.gradle\caches\modules-2\files-2.1\org.springframework.boot\spring-boot-starter-data-jpa\3.4.4\7e0ab04a0aa460295c7a2e485c7809a733469824\spring-boot-starter-data-jpa-3.4.4.jar;C:\Users\ce pc\.gradle\caches\modules-2\files-2.1\org.springframework.boot\spring-boot-starter\3.4.4\6ad00ebe69a28a5c1c97f80f81920d65e0e4250b\spring-boot-starter-3.4.4.jar;C:\Users\ce pc\.gradle\caches\modules-2\files-2.1\jakarta.persistence\jakarta.persistence-api\3.1.0\66901fa1c373c6aff65c13791cc11da72060a8d6\jakarta.persistence-api-3.1.0.jar;C:\Users\ce pc\.gradle\caches\modules-2\files-2.1\org.springframework.boot\spring-boot-starter-json\3.4.4\7f7ca72abcab50661b7b5d23f63b3bc2375bb2b3\spring-boot-starter-json-3.4.4.jar;C:\Users\ce pc\.gradle\caches\modules-2\files-2.1\org.springframework.boot\spring-boot-starter-tomcat\3.4.4\4b18ac49cf13ef2c9a98418ebd8fc212a5259da9\spring-boot-starter-tomcat-3.4.4.jar;C:\Users\ce pc\.gradle\caches\modules-2\files-2.1\org.springframework\spring-webmvc\6.2.5\db8f1171041d7091f3de80cffdfb9d6c5fbf3015\spring-webmvc-6.2.5.jar;C:\Users\ce pc\.gradle\caches\modules-2\files-2.1\org.springframework\spring-web\6.2.5\b42d2c0acbe05bad4c849883aa8816c25b6c1d94\spring-web-6.2.5.jar;C:\Users\ce pc\.gradle\caches\modules-2\files-2.1\org.springframework.boot\spring-boot-starter-jdbc\3.4.4\c1059487b20babd2e0552d285d64d3cb655d0c4d\spring-boot-starter-jdbc-3.4.4.jar;C:\Users\ce pc\.gradle\caches\modules-2\files-2.1\org.hibernate.orm\hibernate-core\6.6.11.Final\d5330ab0dd5f5cc810086b7fb66cec8b2d2f5213\hibernate-core-6.6.11.Final.jar;C:\Users\ce pc\.gradle\caches\modules-2\files-2.1\org.springframework.data\spring-data-jpa\3.4
Launcher Type: SUN_STANDARD

[Global flags]
     intx CICompilerCount                          = 4                                         {product} {ergonomic}
     uint ConcGCThreads                            = 2                                         {product} {ergonomic}
     uint G1ConcRefinementThreads                  = 8                                         {product} {ergonomic}
   size_t G1HeapRegionSize                         = 2097152                                   {product} {ergonomic}
    uintx GCDrainStackTargetSize                   = 64                                        {product} {ergonomic}
   size_t InitialHeapSize                          = 268435456                                 {product} {ergonomic}
     bool ManagementServer                         = true                                      {product} {command line}
   size_t MarkStackSize                            = 4194304                                   {product} {ergonomic}
   size_t MaxHeapSize                              = 4263510016                                {product} {ergonomic}
   size_t MinHeapDeltaBytes                        = 2097152                                   {product} {ergonomic}
   size_t MinHeapSize                              = 8388608                                   {product} {ergonomic}
    uintx NonProfiledCodeHeapSize                  = 0                                      {pd product} {ergonomic}
     bool ProfileInterpreter                       = false                                  {pd product} {command line}
    uintx ProfiledCodeHeapSize                     = 0                                      {pd product} {ergonomic}
   size_t SoftMaxHeapSize                          = 4263510016                             {manageable} {ergonomic}
     intx TieredStopAtLevel                        = 1                                         {product} {command line}
     bool UseCompressedClassPointers               = true                           {product lp64_product} {ergonomic}
     bool UseCompressedOops                        = true                           {product lp64_product} {ergonomic}
     bool UseG1GC                                  = true                                      {product} {ergonomic}
     bool UseLargePagesIndividualAllocation        = false                                  {pd product} {ergonomic}

Logging:
Log output configuration:
 #0: stdout all=warning uptime,level,tags
 #1: stderr all=off uptime,level,tags

Environment Variables:
PATH=C:\Program Files\Common Files\Oracle\Java\javapath;C:\Oracle_21c\WINDOWS.X64_213000_db_home\bin;C:\WINDOWS\system32;C:\WINDOWS;C:\WINDOWS\System32\Wbem;C:\WINDOWS\System32\WindowsPowerShell\v1.0\;C:\WINDOWS\System32\OpenSSH\;C:\Program Files\nodejs\;C:\xampp\php;C:\composer;C:\Program Files\PuTTY\;C:\Program Files\Git\cmd;C:\Strawberry\c\bin;C:\Strawberry\perl\site\bin;C:\Strawberry\perl\bin;C:\Program Files\Docker\Docker\resources\bin;C:\Program Files\Kubernetes\Minikube;C:\minikube;C:\Program Files (x86)\Microsoft SQL Server\160\Tools\Binn\;C:\Program Files\Microsoft SQL Server\160\Tools\Binn\;C:\Program Files\Microsoft SQL Server\Client SDK\ODBC\170\Tools\Binn\;C:\Program Files\Microsoft SQL Server\160\DTS\Binn\;C:\Program Files (x86)\Microsoft SQL Server\160\DTS\Binn\;C:\Program Files\Java\jdk-17.0.1\bin;C:\Program Files\apache-maven-3.9.9\bin;C:\Users\ce pc\AppData\Local\Programs\Python\Python311\Scripts\;C:\Users\ce pc\AppData\Local\Programs\Python\Python311\;C:\Users\ce pc\AppData\Local\Microsoft\WindowsApps;C:\Users\ce pc\AppData\Local\Programs\Microsoft VS Code\bin;C:\Users\ce pc\AppData\Roaming\npm;C:\Users\ce pc\AppData\Roaming\Composer\vendor\bin;C:\Users\ce pc\AppData\Local\Programs\MiKTeX\miktex\bin\x64\;C:\Program Files\JetBrains\IntelliJ IDEA 2024.3.4.1\bin;
USERNAME=ce pc
OS=Windows_NT
PROCESSOR_IDENTIFIER=Intel64 Family 6 Model 142 Stepping 12, GenuineIntel



---------------  S Y S T E M  ---------------

OS:
 Windows 10 , 64 bit Build 22621 (10.0.22621.5124)
OS uptime: 0 days 3:46 hours
Hyper-V role detected

CPU: total 8 (initial active 8) (4 cores per cpu, 2 threads per core) family 6 model 142 stepping 12 microcode 0xec, cx8, cmov, fxsr, ht, mmx, 3dnowpref, sse, sse2, sse3, ssse3, sse4.1, sse4.2, popcnt, lzcnt, tsc, tscinvbit, avx, avx2, aes, erms, clmul, bmi1, bmi2, adx, fma, vzeroupper, clflush, clflushopt, hv

Memory: 4k page, system-wide physical 16263M (858M free)
TotalPageFile size 24005M (AvailPageFile size 185M)
current process WorkingSet (physical memory assigned to process): 11M, peak: 11M
current process commit charge ("private bytes"): 55M, peak: 311M

vm_info: Java HotSpot(TM) 64-Bit Server VM (17.0.1+12-LTS-39) for windows-amd64 JRE (17.0.1+12-LTS-39), built on Sep 27 2021 18:41:35 by "mach5one" with MS VC++ 16.8 (VS2019)

END.
